# JRE version: Java(TM) SE Runtime Environment (17.0.2+8) (build 17.0.2+8-LTS-86)
# Java VM: Java HotSpot(TM) 64-Bit Server VM (17.0.2+8-LTS-86, mixed mode, emulated-client, sharing, tiered, compressed oops, compressed class ptrs, g1 gc, windows-amd64)
GC Precious Log:
 CPUs: 8 total, 8 available
 Memory: 8038M
 Large Page Support: Disabled
 NUMA Support: Disabled
 Compressed Oops: Enabled (32-bit)
 Heap Region Size: 1M
 Heap Min Capacity: 8M
 Heap Initial Capacity: 126M
 Heap Max Capacity: 2010M
 Pre-touch: Disabled
 Parallel Workers: 8
 Concurrent Workers: 2
 Concurrent Refinement Workers: 8
 Periodic GC: Disabled
Heap:
 garbage-first heap   total 78848K, used 60983K [0x0000000082600000, 0x0000000100000000)
  region size 1024K, 42 young (43008K), 0 survivors (0K)
 Metaspace       used 50490K, committed 51200K, reserved 1097728K
  class space    used 7081K, committed 7360K, reserved 1048576K
GC Heap History (20 events):
Event: 9372.719 GC heap before
{Heap before GC invocations=37 (full 5):
 garbage-first heap   total 81920K, used 65458K [0x0000000082600000, 0x0000000100000000)
  region size 1024K, 38 young (38912K), 2 survivors (2048K)
 Metaspace       used 50413K, committed 51136K, reserved 1097728K
  class space    used 7063K, committed 7296K, reserved 1048576K
}
Event: 9372.733 GC heap after
{Heap after GC invocations=38 (full 5):
 garbage-first heap   total 81920K, used 28560K [0x0000000082600000, 0x0000000100000000)
  region size 1024K, 2 young (2048K), 2 survivors (2048K)
 Metaspace       used 50413K, committed 51136K, reserved 1097728K
  class space    used 7063K, committed 7296K, reserved 1048576K
}
Event: 9848.509 GC heap before
{Heap before GC invocations=38 (full 5):
 garbage-first heap   total 81920K, used 66448K [0x0000000082600000, 0x0000000100000000)
  region size 1024K, 39 young (39936K), 2 survivors (2048K)
 Metaspace       used 50413K, committed 51136K, reserved 1097728K
  class space    used 7063K, committed 7296K, reserved 1048576K
}
Event: 9848.524 GC heap after
{Heap after GC invocations=39 (full 5):
 garbage-first heap   total 81920K, used 28560K [0x0000000082600000, 0x0000000100000000)
  region size 1024K, 2 young (2048K), 2 survivors (2048K)
 Metaspace       used 50413K, committed 51136K, reserved 1097728K
  class space    used 7063K, committed 7296K, reserved 1048576K
}
Event: 10337.410 GC heap before
{Heap before GC invocations=39 (full 5):
 garbage-first heap   total 81920K, used 67472K [0x0000000082600000, 0x0000000100000000)
  region size 1024K, 40 young (40960K), 2 survivors (2048K)
 Metaspace       used 50413K, committed 51136K, reserved 1097728K
  class space    used 7063K, committed 7296K, reserved 1048576K
}
Event: 10337.422 GC heap after
{Heap after GC invocations=40 (full 5):
 garbage-first heap   total 81920K, used 28537K [0x0000000082600000, 0x0000000100000000)
  region size 1024K, 2 young (2048K), 2 survivors (2048K)
 Metaspace       used 50413K, committed 51136K, reserved 1097728K
  class space    used 7063K, committed 7296K, reserved 1048576K
}
Event: 18061.794 GC heap before
{Heap before GC invocations=40 (full 5):
 garbage-first heap   total 81920K, used 67449K [0x0000000082600000, 0x0000000100000000)
  region size 1024K, 40 young (40960K), 2 survivors (2048K)
 Metaspace       used 50413K, committed 51136K, reserved 1097728K
  class space    used 7063K, committed 7296K, reserved 1048576K
}
Event: 18061.803 GC heap after
{Heap after GC invocations=41 (full 5):
 garbage-first heap   total 81920K, used 28741K [0x0000000082600000, 0x0000000100000000)
  region size 1024K, 2 young (2048K), 2 survivors (2048K)
 Metaspace       used 50413K, committed 51136K, reserved 1097728K
  class space    used 7063K, committed 7296K, reserved 1048576K
}
Event: 18551.903 GC heap before
{Heap before GC invocations=41 (full 5):
 garbage-first heap   total 81920K, used 67653K [0x0000000082600000, 0x0000000100000000)
  region size 1024K, 40 young (40960K), 2 survivors (2048K)
 Metaspace       used 50413K, committed 51136K, reserved 1097728K
  class space    used 7063K, committed 7296K, reserved 1048576K
}
Event: 18551.911 GC heap after
{Heap after GC invocations=42 (full 5):
 garbage-first heap   total 81920K, used 28614K [0x0000000082600000, 0x0000000100000000)
  region size 1024K, 2 young (2048K), 2 survivors (2048K)
 Metaspace       used 50413K, committed 51136K, reserved 1097728K
  class space    used 7063K, committed 7296K, reserved 1048576K
}
Event: 19056.364 GC heap before
{Heap before GC invocations=42 (full 5):
 garbage-first heap   total 81920K, used 68550K [0x0000000082600000, 0x0000000100000000)
  region size 1024K, 41 young (41984K), 2 survivors (2048K)
 Metaspace       used 50413K, committed 51136K, reserved 1097728K
  class space    used 7063K, committed 7296K, reserved 1048576K
}
Event: 19056.377 GC heap after
{Heap after GC invocations=43 (full 5):
 garbage-first heap   total 81920K, used 28563K [0x0000000082600000, 0x0000000100000000)
  region size 1024K, 2 young (2048K), 2 survivors (2048K)
 Metaspace       used 50413K, committed 51136K, reserved 1097728K
  class space    used 7063K, committed 7296K, reserved 1048576K
}
Event: 26797.743 GC heap before
{Heap before GC invocations=43 (full 5):
 garbage-first heap   total 81920K, used 68499K [0x0000000082600000, 0x0000000100000000)
  region size 1024K, 41 young (41984K), 2 survivors (2048K)
 Metaspace       used 50413K, committed 51136K, reserved 1097728K
  class space    used 7063K, committed 7296K, reserved 1048576K
}
Event: 26797.753 GC heap after
{Heap after GC invocations=44 (full 5):
 garbage-first heap   total 81920K, used 28739K [0x0000000082600000, 0x0000000100000000)
  region size 1024K, 2 young (2048K), 2 survivors (2048K)
 Metaspace       used 50413K, committed 51136K, reserved 1097728K
  class space    used 7063K, committed 7296K, reserved 1048576K
}
Event: 27301.952 GC heap before
{Heap before GC invocations=44 (full 5):
 garbage-first heap   total 81920K, used 68675K [0x0000000082600000, 0x0000000100000000)
  region size 1024K, 41 young (41984K), 2 survivors (2048K)
 Metaspace       used 50413K, committed 51136K, reserved 1097728K
  class space    used 7063K, committed 7296K, reserved 1048576K
}
Event: 27301.959 GC heap after
{Heap after GC invocations=45 (full 5):
 garbage-first heap   total 81920K, used 28568K [0x0000000082600000, 0x0000000100000000)
  region size 1024K, 2 young (2048K), 2 survivors (2048K)
 Metaspace       used 50413K, committed 51136K, reserved 1097728K
  class space    used 7063K, committed 7296K, reserved 1048576K
}
Event: 35043.804 GC heap before
{Heap before GC invocations=45 (full 5):
 garbage-first heap   total 81920K, used 68504K [0x0000000082600000, 0x0000000100000000)
  region size 1024K, 41 young (41984K), 2 survivors (2048K)
 Metaspace       used 50413K, committed 51136K, reserved 1097728K
  class space    used 7063K, committed 7296K, reserved 1048576K
}
Event: 35043.900 GC heap after
{Heap after GC invocations=46 (full 5):
 garbage-first heap   total 81920K, used 28686K [0x0000000082600000, 0x0000000100000000)
  region size 1024K, 2 young (2048K), 2 survivors (2048K)
 Metaspace       used 50413K, committed 51136K, reserved 1097728K
  class space    used 7063K, committed 7296K, reserved 1048576K
}
Event: 35167.228 GC heap before
{Heap before GC invocations=46 (full 5):
 garbage-first heap   total 81920K, used 37902K [0x0000000082600000, 0x0000000100000000)
  region size 1024K, 12 young (12288K), 2 survivors (2048K)
 Metaspace       used 50416K, committed 51136K, reserved 1097728K
  class space    used 7064K, committed 7296K, reserved 1048576K
}
Event: 35167.911 GC heap after
{Heap after GC invocations=47 (full 6):
 garbage-first heap   total 78848K, used 20023K [0x0000000082600000, 0x0000000100000000)
  region size 1024K, 0 young (0K), 0 survivors (0K)
 Metaspace       used 50370K, committed 51136K, reserved 1097728K
  class space    used 7054K, committed 7296K, reserved 1048576K
}

